{
  "stats": {
    "suites": 1,
    "tests": 6,
    "passes": 6,
    "pending": 0,
    "failures": 0,
    "start": "2024-04-22T07:34:40.598Z",
    "end": "2024-04-22T07:34:47.706Z",
    "duration": 7108,
    "testsRegistered": 6,
    "passPercent": 100,
    "pendingPercent": 0,
    "other": 0,
    "hasOther": false,
    "skipped": 0,
    "hasSkipped": false
  },
  "results": [
    {
      "uuid": "c5a2d927-f1f0-4b05-a9bc-8b55369517c2",
      "title": "",
      "fullFile": "D:\\API_Automation\\test\\Contact_and_User_Creation_Suite.js",
      "file": "\\test\\Contact_and_User_Creation_Suite.js",
      "beforeHooks": [],
      "afterHooks": [],
      "tests": [],
      "suites": [
        {
          "uuid": "9bc948be-ffd2-436b-98e0-7f9477a54044",
          "title": "Contact and User Creation",
          "fullFile": "D:\\API_Automation\\test\\Contact_and_User_Creation_Suite.js",
          "file": "\\test\\Contact_and_User_Creation_Suite.js",
          "beforeHooks": [],
          "afterHooks": [],
          "tests": [
            {
              "title": "POST user / Add User",
              "fullTitle": "Contact and User Creation POST user / Add User",
              "timedOut": false,
              "duration": 1759,
              "state": "passed",
              "speed": "slow",
              "pass": true,
              "fail": false,
              "pending": false,
              "context": null,
              "code": "const response = await api.postUser(testData.postUser)\nexpect(response.status).equal(201)\nexpect(response.body.user.email).equal(testData.postUser.email)\nconsole.log(response.body)\nglobalVariable.token = response.body.token",
              "err": {},
              "uuid": "caacc5a6-31b3-4dc1-82df-8dd45b8bbb83",
              "parentUUID": "9bc948be-ffd2-436b-98e0-7f9477a54044",
              "isHook": false,
              "skipped": false
            },
            {
              "title": "GET user profile",
              "fullTitle": "Contact and User Creation GET user profile",
              "timedOut": false,
              "duration": 1264,
              "state": "passed",
              "speed": "slow",
              "pass": true,
              "fail": false,
              "pending": false,
              "context": null,
              "code": "const response = await api.getUser(globalVariable.token)\nexpect(response.status).equal(200)\nexpect(response.body.email).equal(testData.postUser.email)\nconsole.log(response.body)",
              "err": {},
              "uuid": "0d3e0962-9946-4284-9c6e-e66ecdb47e3e",
              "parentUUID": "9bc948be-ffd2-436b-98e0-7f9477a54044",
              "isHook": false,
              "skipped": false
            },
            {
              "title": "POST contact / Add Contact",
              "fullTitle": "Contact and User Creation POST contact / Add Contact",
              "timedOut": false,
              "duration": 1006,
              "state": "passed",
              "speed": "slow",
              "pass": true,
              "fail": false,
              "pending": false,
              "context": null,
              "code": "const response = await api.postContact(globalVariable.token, testData.postContact)\nexpect(response.status).equal(201)\nexpect(response.body.email).equal(testData.postContact.email)\nconsole.log(response.body)\nglobalVariable.contactId = response.body._id",
              "err": {},
              "uuid": "c36eb58d-ef4c-4415-a6d6-c39f8dc5787c",
              "parentUUID": "9bc948be-ffd2-436b-98e0-7f9477a54044",
              "isHook": false,
              "skipped": false
            },
            {
              "title": "GET contact by Id",
              "fullTitle": "Contact and User Creation GET contact by Id",
              "timedOut": false,
              "duration": 1054,
              "state": "passed",
              "speed": "slow",
              "pass": true,
              "fail": false,
              "pending": false,
              "context": null,
              "code": "const response = await api.getContact(globalVariable.token, globalVariable.contactId)\nexpect(response.status).equal(200)\nexpect(response.body.email).equal(testData.postContact.email)\nconsole.log(response.body)",
              "err": {},
              "uuid": "977a7f6d-50b2-429e-a417-b60a05e7eff6",
              "parentUUID": "9bc948be-ffd2-436b-98e0-7f9477a54044",
              "isHook": false,
              "skipped": false
            },
            {
              "title": "PUT contact / Update Contact",
              "fullTitle": "Contact and User Creation PUT contact / Update Contact",
              "timedOut": false,
              "duration": 1003,
              "state": "passed",
              "speed": "slow",
              "pass": true,
              "fail": false,
              "pending": false,
              "context": null,
              "code": "const response = await api.putContact(globalVariable.token, testData.putContact, globalVariable.contactId)\nexpect(response.status).equal(200)\nexpect(response.body.firstName).equal(testData.putContact.firstName)\nexpect(response.body.lastName).equal(testData.putContact.lastName)\nexpect(response.body.email).equal(testData.putContact.email)\nconsole.log(response.body)",
              "err": {},
              "uuid": "1e881149-b094-4e0b-9cfb-195adfc6f124",
              "parentUUID": "9bc948be-ffd2-436b-98e0-7f9477a54044",
              "isHook": false,
              "skipped": false
            },
            {
              "title": "GET updated contact",
              "fullTitle": "Contact and User Creation GET updated contact",
              "timedOut": false,
              "duration": 1014,
              "state": "passed",
              "speed": "slow",
              "pass": true,
              "fail": false,
              "pending": false,
              "context": null,
              "code": "const response = await api.getContact(globalVariable.token, globalVariable.contactId)\nexpect(response.status).equal(200)\nexpect(response.body.firstName).equal(testData.putContact.firstName)\nexpect(response.body.lastName).equal(testData.putContact.lastName)\nexpect(response.body.email).equal(testData.putContact.email)\nconsole.log(response.body)",
              "err": {},
              "uuid": "c9972754-05c6-47a4-b14f-8274d8d027c9",
              "parentUUID": "9bc948be-ffd2-436b-98e0-7f9477a54044",
              "isHook": false,
              "skipped": false
            }
          ],
          "suites": [],
          "passes": [
            "caacc5a6-31b3-4dc1-82df-8dd45b8bbb83",
            "0d3e0962-9946-4284-9c6e-e66ecdb47e3e",
            "c36eb58d-ef4c-4415-a6d6-c39f8dc5787c",
            "977a7f6d-50b2-429e-a417-b60a05e7eff6",
            "1e881149-b094-4e0b-9cfb-195adfc6f124",
            "c9972754-05c6-47a4-b14f-8274d8d027c9"
          ],
          "failures": [],
          "pending": [],
          "skipped": [],
          "duration": 7100,
          "root": false,
          "rootEmpty": false,
          "_timeout": 2000
        }
      ],
      "passes": [],
      "failures": [],
      "pending": [],
      "skipped": [],
      "duration": 0,
      "root": true,
      "rootEmpty": true,
      "_timeout": 2000
    }
  ],
  "meta": {
    "mocha": {
      "version": "10.4.0"
    },
    "mochawesome": {
      "options": {
        "quiet": false,
        "reportFilename": "mochawesome",
        "saveHtml": true,
        "saveJson": true,
        "consoleReporter": "spec",
        "useInlineDiffs": false,
        "code": true
      },
      "version": "7.1.3"
    },
    "marge": {
      "options": {
        "autoOpen": "true"
      },
      "version": "6.2.0"
    }
  }
}